<?xml version="1.0" encoding="UTF-8"?>
<!-- Generated by org.testng.reporters.JUnitReportReporter -->
<testsuite hostname="DESKTOP-N1NG7JA" failures="0" tests="1" name="com.parlr.TestCases.Tc2Test" time="17.754" errors="0" timestamp="2024-05-12T19:56:35 IST" skipped="0">
  <testcase classname="com.parlr.TestCases.Tc2Test" name="tc2" time="17.754"/>
  <system-out>
    <![CDATA[TEst case Started tc2
Test case Executed Sucessfully tc2]]>
  </system-out>
</testsuite> <!-- com.parlr.TestCases.Tc2Test -->
