<?xml version="1.0" encoding="UTF-8"?>
<!-- Generated by org.testng.reporters.JUnitReportReporter -->
<testsuite hostname="DESKTOP-N1NG7JA" failures="0" tests="1" name="com.parlr.TestCases.tc3Test" time="0.049" errors="0" timestamp="2024-05-12T19:54:55 IST" skipped="0">
  <testcase classname="com.parlr.TestCases.tc3Test" name="mmm" time="0.049"/>
  <system-out>
    <![CDATA[TEst case Started mmm
Hello Qspider
Test case Executed Sucessfully mmm]]>
  </system-out>
</testsuite> <!-- com.parlr.TestCases.tc3Test -->
